<?xml version="1.0" encoding="UTF-8"?>
<!-- Generated by org.testng.reporters.JUnitReportReporter -->
<testsuite hostname="VR" failures="0" tests="1" name="testClass.TC_001_Registration" time="4.991" errors="0" timestamp="2024-11-30T19:55:04 IST" skipped="0">
  <testcase classname="testClass.TC_001_Registration" name="verifyregistration" time="4.991"/>
</testsuite> <!-- testClass.TC_001_Registration -->
