<?xml version="1.0" encoding="UTF-8"?>
<!-- Generated by org.testng.reporters.JUnitReportReporter -->
<testsuite hostname="VR" failures="0" tests="2" name="testClass.TC_001_Registration" time="11.747" errors="0" timestamp="2024-12-09T11:51:51 IST" skipped="0">
  <testcase classname="testClass.TC_001_Registration" name="verifyregistration" time="5.955"/>
  <testcase classname="testClass.TC_001_Registration" name="verifyregistration" time="5.792"/>
</testsuite> <!-- testClass.TC_001_Registration -->
