<?xml version="1.0" encoding="UTF-8"?>
<!-- Generated by org.testng.reporters.JUnitReportReporter -->
<testsuite hostname="VR" failures="0" tests="1" name="testClass.TC_002_Login" time="3.732" errors="0" timestamp="2024-11-30T22:42:05 IST" skipped="0">
  <testcase classname="testClass.TC_002_Login" name="verifyLoggedin" time="3.732"/>
</testsuite> <!-- testClass.TC_002_Login -->
