<?xml version="1.0" encoding="UTF-8"?>
<!-- Generated by org.testng.reporters.JUnitReportReporter -->
<testsuite hostname="VR" failures="0" tests="1" name="testClass.TC_001_Registration" time="5.702" errors="0" timestamp="2024-12-01T18:52:14 IST" skipped="0">
  <testcase classname="testClass.TC_001_Registration" name="verifyregistration" time="5.702"/>
</testsuite> <!-- testClass.TC_001_Registration -->
