<?xml version="1.0" encoding="UTF-8"?>
<!-- Generated by org.testng.reporters.JUnitReportReporter -->
<testsuite hostname="VR" failures="0" tests="1" name="testClass.TC_001_Registration" time="4.964" errors="0" timestamp="2024-12-01T22:17:43 IST" skipped="0">
  <testcase classname="testClass.TC_001_Registration" name="verifyregistration" time="4.964"/>
</testsuite> <!-- testClass.TC_001_Registration -->
