<?xml version="1.0" encoding="UTF-8"?>
<!-- Generated by org.testng.reporters.JUnitReportReporter -->
<testsuite hostname="VR" failures="0" tests="1" name="testClass.TC_002_Login" time="3.569" errors="0" timestamp="2024-12-01T22:17:43 IST" skipped="0">
  <testcase classname="testClass.TC_002_Login" name="verifyLoggedin" time="3.569"/>
</testsuite> <!-- testClass.TC_002_Login -->
